com.example.demo.DemoApplication-[INFO]- 2024-06-24 10:51:17,341-Starting DemoApplication using Java 17.0.10 with PID 2963 (/Users/ashujauhari/Data/Microservices-2023/Microservice-STS-Code-workspace/Spring_Assignment-main/Springboot-jpa-many-to-many-mapping/target/classes started by ashujauhari in /Users/ashujauhari/Data/Microservices-2023/Microservice-STS-Code-workspace/Spring_Assignment-main/Springboot-jpa-many-to-many-mapping)-
com.example.demo.DemoApplication-[INFO]- 2024-06-24 10:51:17,345-No active profile set, falling back to 1 default profile: "default"-
org.springframework.boot.devtools.env.DevToolsPropertyDefaultsPostProcessor-[INFO]- 2024-06-24 10:51:17,378-Devtools property defaults active! Set 'spring.devtools.add-properties' to 'false' to disable-
org.springframework.boot.devtools.env.DevToolsPropertyDefaultsPostProcessor-[INFO]- 2024-06-24 10:51:17,379-For additional web related logging consider setting the 'logging.level.web' property to 'DEBUG'-
org.springframework.data.repository.config.RepositoryConfigurationDelegate-[INFO]- 2024-06-24 10:51:17,776-Bootstrapping Spring Data JPA repositories in DEFAULT mode.-
org.springframework.data.repository.config.RepositoryConfigurationDelegate-[INFO]- 2024-06-24 10:51:17,805-Finished Spring Data repository scanning in 24 ms. Found 2 JPA repository interfaces.-
org.springframework.boot.web.embedded.tomcat.TomcatWebServer-[INFO]- 2024-06-24 10:51:18,056-Tomcat initialized with port 9191 (http)-
org.apache.catalina.core.StandardService-[INFO]- 2024-06-24 10:51:18,062-Starting service [Tomcat]-
org.apache.catalina.core.StandardEngine-[INFO]- 2024-06-24 10:51:18,062-Starting Servlet engine: [Apache Tomcat/10.1.24]-
org.apache.catalina.core.ContainerBase.[Tomcat].[localhost].[/]-[INFO]- 2024-06-24 10:51:18,081-Initializing Spring embedded WebApplicationContext-
org.springframework.boot.web.servlet.context.ServletWebServerApplicationContext-[INFO]- 2024-06-24 10:51:18,081-Root WebApplicationContext: initialization completed in 702 ms-
com.zaxxer.hikari.HikariDataSource-[INFO]- 2024-06-24 10:51:18,097-HikariPool-1 - Starting...-
com.zaxxer.hikari.pool.HikariPool-[INFO]- 2024-06-24 10:51:18,265-HikariPool-1 - Added connection com.mysql.cj.jdbc.ConnectionImpl@74a0fc5f-
com.zaxxer.hikari.HikariDataSource-[INFO]- 2024-06-24 10:51:18,266-HikariPool-1 - Start completed.-
org.springframework.boot.autoconfigure.h2.H2ConsoleAutoConfiguration-[INFO]- 2024-06-24 10:51:18,271-H2 console available at '/h2-console'. Database available at 'jdbc:mysql://localhost:3306/test'-
org.hibernate.jpa.internal.util.LogHelper-[INFO]- 2024-06-24 10:51:18,331-HHH000204: Processing PersistenceUnitInfo [name: default]-
org.hibernate.Version-[INFO]- 2024-06-24 10:51:18,362-HHH000412: Hibernate ORM core version 6.5.2.Final-
org.hibernate.cache.internal.RegionFactoryInitiator-[INFO]- 2024-06-24 10:51:18,381-HHH000026: Second-level cache disabled-
org.springframework.orm.jpa.persistenceunit.SpringPersistenceUnitInfo-[INFO]- 2024-06-24 10:51:18,569-No LoadTimeWeaver setup: ignoring JPA class transformer-
org.hibernate.engine.transaction.jta.platform.internal.JtaPlatformInitiator-[INFO]- 2024-06-24 10:51:19,102-HHH000489: No JTA platform available (set 'hibernate.transaction.jta.platform' to enable JTA platform integration)-
org.springframework.orm.jpa.LocalContainerEntityManagerFactoryBean-[INFO]- 2024-06-24 10:51:19,166-Initialized JPA EntityManagerFactory for persistence unit 'default'-
org.springframework.data.jpa.repository.query.QueryEnhancerFactory-[INFO]- 2024-06-24 10:51:19,275-Hibernate is in classpath; If applicable, HQL parser will be used.-
org.springframework.boot.autoconfigure.orm.jpa.JpaBaseConfiguration$JpaWebConfiguration-[WARN]- 2024-06-24 10:51:19,513-spring.jpa.open-in-view is enabled by default. Therefore, database queries may be performed during view rendering. Explicitly configure spring.jpa.open-in-view to disable this warning-
org.springframework.boot.devtools.autoconfigure.OptionalLiveReloadServer-[INFO]- 2024-06-24 10:51:19,873-LiveReload server is running on port 35729-
org.springframework.boot.web.embedded.tomcat.TomcatWebServer-[INFO]- 2024-06-24 10:51:19,890-Tomcat started on port 9191 (http) with context path '/'-
com.example.demo.DemoApplication-[INFO]- 2024-06-24 10:51:19,896-Started DemoApplication in 2.8 seconds (process running for 3.314)-
org.springframework.boot.admin.SpringApplicationAdminMXBeanRegistrar$SpringApplicationAdmin-[INFO]- 2024-06-24 10:51:50,870-Application shutdown requested.-
org.springframework.orm.jpa.LocalContainerEntityManagerFactoryBean-[INFO]- 2024-06-24 10:51:50,877-Closing JPA EntityManagerFactory for persistence unit 'default'-
com.zaxxer.hikari.HikariDataSource-[INFO]- 2024-06-24 10:51:50,879-HikariPool-1 - Shutdown initiated...-
com.zaxxer.hikari.HikariDataSource-[INFO]- 2024-06-24 10:51:50,884-HikariPool-1 - Shutdown completed.-
com.example.demo.DemoApplication-[INFO]- 2024-06-24 10:51:51,216-Starting DemoApplication using Java 17.0.10 with PID 2979 (/Users/ashujauhari/Data/Microservices-2023/Microservice-STS-Code-workspace/Spring_Assignment-main/Springboot-jpa-many-to-many-mapping/target/classes started by ashujauhari in /Users/ashujauhari/Data/Microservices-2023/Microservice-STS-Code-workspace/Spring_Assignment-main/Springboot-jpa-many-to-many-mapping)-
com.example.demo.DemoApplication-[INFO]- 2024-06-24 10:51:51,218-No active profile set, falling back to 1 default profile: "default"-
org.springframework.boot.devtools.env.DevToolsPropertyDefaultsPostProcessor-[INFO]- 2024-06-24 10:51:51,247-Devtools property defaults active! Set 'spring.devtools.add-properties' to 'false' to disable-
org.springframework.boot.devtools.env.DevToolsPropertyDefaultsPostProcessor-[INFO]- 2024-06-24 10:51:51,248-For additional web related logging consider setting the 'logging.level.web' property to 'DEBUG'-
org.springframework.data.repository.config.RepositoryConfigurationDelegate-[INFO]- 2024-06-24 10:51:51,624-Bootstrapping Spring Data JPA repositories in DEFAULT mode.-
org.springframework.data.repository.config.RepositoryConfigurationDelegate-[INFO]- 2024-06-24 10:51:51,649-Finished Spring Data repository scanning in 21 ms. Found 2 JPA repository interfaces.-
org.springframework.boot.web.embedded.tomcat.TomcatWebServer-[INFO]- 2024-06-24 10:51:51,903-Tomcat initialized with port 9191 (http)-
org.apache.catalina.core.StandardService-[INFO]- 2024-06-24 10:51:51,909-Starting service [Tomcat]-
org.apache.catalina.core.StandardEngine-[INFO]- 2024-06-24 10:51:51,909-Starting Servlet engine: [Apache Tomcat/10.1.24]-
org.apache.catalina.core.ContainerBase.[Tomcat].[localhost].[/]-[INFO]- 2024-06-24 10:51:51,930-Initializing Spring embedded WebApplicationContext-
org.springframework.boot.web.servlet.context.ServletWebServerApplicationContext-[INFO]- 2024-06-24 10:51:51,930-Root WebApplicationContext: initialization completed in 682 ms-
com.zaxxer.hikari.HikariDataSource-[INFO]- 2024-06-24 10:51:51,945-HikariPool-1 - Starting...-
com.zaxxer.hikari.pool.HikariPool-[INFO]- 2024-06-24 10:51:52,091-HikariPool-1 - Added connection com.mysql.cj.jdbc.ConnectionImpl@4e3959e0-
com.zaxxer.hikari.HikariDataSource-[INFO]- 2024-06-24 10:51:52,092-HikariPool-1 - Start completed.-
org.springframework.boot.autoconfigure.h2.H2ConsoleAutoConfiguration-[INFO]- 2024-06-24 10:51:52,096-H2 console available at '/h2-console'. Database available at 'jdbc:mysql://localhost:3306/test'-
org.hibernate.jpa.internal.util.LogHelper-[INFO]- 2024-06-24 10:51:52,153-HHH000204: Processing PersistenceUnitInfo [name: default]-
org.hibernate.Version-[INFO]- 2024-06-24 10:51:52,179-HHH000412: Hibernate ORM core version 6.5.2.Final-
org.hibernate.cache.internal.RegionFactoryInitiator-[INFO]- 2024-06-24 10:51:52,193-HHH000026: Second-level cache disabled-
org.springframework.orm.jpa.persistenceunit.SpringPersistenceUnitInfo-[INFO]- 2024-06-24 10:51:52,327-No LoadTimeWeaver setup: ignoring JPA class transformer-
org.hibernate.engine.transaction.jta.platform.internal.JtaPlatformInitiator-[INFO]- 2024-06-24 10:51:52,778-HHH000489: No JTA platform available (set 'hibernate.transaction.jta.platform' to enable JTA platform integration)-
org.springframework.orm.jpa.LocalContainerEntityManagerFactoryBean-[INFO]- 2024-06-24 10:51:52,836-Initialized JPA EntityManagerFactory for persistence unit 'default'-
org.springframework.data.jpa.repository.query.QueryEnhancerFactory-[INFO]- 2024-06-24 10:51:52,943-Hibernate is in classpath; If applicable, HQL parser will be used.-
org.springframework.boot.autoconfigure.orm.jpa.JpaBaseConfiguration$JpaWebConfiguration-[WARN]- 2024-06-24 10:51:53,159-spring.jpa.open-in-view is enabled by default. Therefore, database queries may be performed during view rendering. Explicitly configure spring.jpa.open-in-view to disable this warning-
org.springframework.boot.devtools.autoconfigure.OptionalLiveReloadServer-[INFO]- 2024-06-24 10:51:53,516-LiveReload server is running on port 35729-
org.springframework.boot.web.embedded.tomcat.TomcatWebServer-[INFO]- 2024-06-24 10:51:53,534-Tomcat started on port 9191 (http) with context path '/'-
com.example.demo.DemoApplication-[INFO]- 2024-06-24 10:51:53,540-Started DemoApplication in 2.54 seconds (process running for 2.845)-
org.springframework.boot.devtools.autoconfigure.LocalDevToolsAutoConfiguration$RestartingClassPathChangeChangedEventListener-[INFO]- 2024-06-24 10:54:39,779-Restarting due to 2 class path changes (0 additions, 0 deletions, 2 modifications)-
org.springframework.orm.jpa.LocalContainerEntityManagerFactoryBean-[INFO]- 2024-06-24 10:54:39,803-Closing JPA EntityManagerFactory for persistence unit 'default'-
com.zaxxer.hikari.HikariDataSource-[INFO]- 2024-06-24 10:54:39,807-HikariPool-1 - Shutdown initiated...-
com.zaxxer.hikari.HikariDataSource-[INFO]- 2024-06-24 10:54:39,813-HikariPool-1 - Shutdown completed.-
com.example.demo.DemoApplication-[INFO]- 2024-06-24 10:54:39,887-Starting DemoApplication using Java 17.0.10 with PID 2979 (/Users/ashujauhari/Data/Microservices-2023/Microservice-STS-Code-workspace/Spring_Assignment-main/Springboot-jpa-many-to-many-mapping/target/classes started by ashujauhari in /Users/ashujauhari/Data/Microservices-2023/Microservice-STS-Code-workspace/Spring_Assignment-main/Springboot-jpa-many-to-many-mapping)-
com.example.demo.DemoApplication-[INFO]- 2024-06-24 10:54:39,888-No active profile set, falling back to 1 default profile: "default"-
org.springframework.data.repository.config.RepositoryConfigurationDelegate-[INFO]- 2024-06-24 10:54:39,962-Bootstrapping Spring Data JPA repositories in DEFAULT mode.-
org.springframework.data.repository.config.RepositoryConfigurationDelegate-[INFO]- 2024-06-24 10:54:39,965-Finished Spring Data repository scanning in 3 ms. Found 2 JPA repository interfaces.-
org.springframework.boot.web.embedded.tomcat.TomcatWebServer-[INFO]- 2024-06-24 10:54:40,014-Tomcat initialized with port 9191 (http)-
org.apache.catalina.core.StandardService-[INFO]- 2024-06-24 10:54:40,014-Starting service [Tomcat]-
org.apache.catalina.core.StandardEngine-[INFO]- 2024-06-24 10:54:40,014-Starting Servlet engine: [Apache Tomcat/10.1.24]-
org.apache.catalina.core.ContainerBase.[Tomcat].[localhost].[/]-[INFO]- 2024-06-24 10:54:40,019-Initializing Spring embedded WebApplicationContext-
org.springframework.boot.web.servlet.context.ServletWebServerApplicationContext-[INFO]- 2024-06-24 10:54:40,020-Root WebApplicationContext: initialization completed in 132 ms-
com.zaxxer.hikari.HikariDataSource-[INFO]- 2024-06-24 10:54:40,027-HikariPool-2 - Starting...-
com.zaxxer.hikari.pool.HikariPool-[INFO]- 2024-06-24 10:54:40,041-HikariPool-2 - Added connection com.mysql.cj.jdbc.ConnectionImpl@77950deb-
com.zaxxer.hikari.HikariDataSource-[INFO]- 2024-06-24 10:54:40,042-HikariPool-2 - Start completed.-
org.springframework.boot.autoconfigure.h2.H2ConsoleAutoConfiguration-[INFO]- 2024-06-24 10:54:40,042-H2 console available at '/h2-console'. Database available at 'jdbc:mysql://localhost:3306/test'-
org.hibernate.jpa.internal.util.LogHelper-[INFO]- 2024-06-24 10:54:40,055-HHH000204: Processing PersistenceUnitInfo [name: default]-
org.hibernate.cache.internal.RegionFactoryInitiator-[INFO]- 2024-06-24 10:54:40,056-HHH000026: Second-level cache disabled-
org.springframework.orm.jpa.persistenceunit.SpringPersistenceUnitInfo-[INFO]- 2024-06-24 10:54:40,061-No LoadTimeWeaver setup: ignoring JPA class transformer-
org.hibernate.engine.transaction.jta.platform.internal.JtaPlatformInitiator-[INFO]- 2024-06-24 10:54:40,085-HHH000489: No JTA platform available (set 'hibernate.transaction.jta.platform' to enable JTA platform integration)-
org.springframework.orm.jpa.LocalContainerEntityManagerFactoryBean-[INFO]- 2024-06-24 10:54:40,123-Initialized JPA EntityManagerFactory for persistence unit 'default'-
org.springframework.boot.autoconfigure.orm.jpa.JpaBaseConfiguration$JpaWebConfiguration-[WARN]- 2024-06-24 10:54:40,169-spring.jpa.open-in-view is enabled by default. Therefore, database queries may be performed during view rendering. Explicitly configure spring.jpa.open-in-view to disable this warning-
org.springframework.boot.devtools.autoconfigure.OptionalLiveReloadServer-[INFO]- 2024-06-24 10:54:40,307-LiveReload server is running on port 35729-
org.springframework.boot.web.embedded.tomcat.TomcatWebServer-[INFO]- 2024-06-24 10:54:40,313-Tomcat started on port 9191 (http) with context path '/'-
com.example.demo.DemoApplication-[INFO]- 2024-06-24 10:54:40,316-Started DemoApplication in 0.44 seconds (process running for 169.625)-
org.springframework.boot.devtools.autoconfigure.ConditionEvaluationDeltaLoggingListener-[INFO]- 2024-06-24 10:54:40,332-Condition evaluation unchanged-
org.springframework.boot.devtools.autoconfigure.LocalDevToolsAutoConfiguration$RestartingClassPathChangeChangedEventListener-[INFO]- 2024-06-24 11:02:01,722-Restarting due to 1 class path change (0 additions, 0 deletions, 1 modification)-
org.springframework.orm.jpa.LocalContainerEntityManagerFactoryBean-[INFO]- 2024-06-24 11:02:01,730-Closing JPA EntityManagerFactory for persistence unit 'default'-
com.zaxxer.hikari.HikariDataSource-[INFO]- 2024-06-24 11:02:01,732-HikariPool-2 - Shutdown initiated...-
com.zaxxer.hikari.HikariDataSource-[INFO]- 2024-06-24 11:02:01,737-HikariPool-2 - Shutdown completed.-
com.example.demo.DemoApplication-[INFO]- 2024-06-24 11:02:01,816-Starting DemoApplication using Java 17.0.10 with PID 2979 (/Users/ashujauhari/Data/Microservices-2023/Microservice-STS-Code-workspace/Spring_Assignment-main/Springboot-jpa-many-to-many-mapping/target/classes started by ashujauhari in /Users/ashujauhari/Data/Microservices-2023/Microservice-STS-Code-workspace/Spring_Assignment-main/Springboot-jpa-many-to-many-mapping)-
com.example.demo.DemoApplication-[INFO]- 2024-06-24 11:02:01,816-No active profile set, falling back to 1 default profile: "default"-
org.springframework.data.repository.config.RepositoryConfigurationDelegate-[INFO]- 2024-06-24 11:02:01,918-Bootstrapping Spring Data JPA repositories in DEFAULT mode.-
org.springframework.data.repository.config.RepositoryConfigurationDelegate-[INFO]- 2024-06-24 11:02:01,922-Finished Spring Data repository scanning in 4 ms. Found 2 JPA repository interfaces.-
org.springframework.boot.web.embedded.tomcat.TomcatWebServer-[INFO]- 2024-06-24 11:02:01,969-Tomcat initialized with port 9191 (http)-
org.apache.catalina.core.StandardService-[INFO]- 2024-06-24 11:02:01,970-Starting service [Tomcat]-
org.apache.catalina.core.StandardEngine-[INFO]- 2024-06-24 11:02:01,970-Starting Servlet engine: [Apache Tomcat/10.1.24]-
org.apache.catalina.core.ContainerBase.[Tomcat].[localhost].[/]-[INFO]- 2024-06-24 11:02:01,975-Initializing Spring embedded WebApplicationContext-
org.springframework.boot.web.servlet.context.ServletWebServerApplicationContext-[INFO]- 2024-06-24 11:02:01,975-Root WebApplicationContext: initialization completed in 158 ms-
com.zaxxer.hikari.HikariDataSource-[INFO]- 2024-06-24 11:02:01,982-HikariPool-3 - Starting...-
com.zaxxer.hikari.pool.HikariPool-[INFO]- 2024-06-24 11:02:01,995-HikariPool-3 - Added connection com.mysql.cj.jdbc.ConnectionImpl@3a8674df-
com.zaxxer.hikari.HikariDataSource-[INFO]- 2024-06-24 11:02:01,995-HikariPool-3 - Start completed.-
org.springframework.boot.autoconfigure.h2.H2ConsoleAutoConfiguration-[INFO]- 2024-06-24 11:02:01,995-H2 console available at '/h2-console'. Database available at 'jdbc:mysql://localhost:3306/test'-
org.hibernate.jpa.internal.util.LogHelper-[INFO]- 2024-06-24 11:02:02,008-HHH000204: Processing PersistenceUnitInfo [name: default]-
org.hibernate.cache.internal.RegionFactoryInitiator-[INFO]- 2024-06-24 11:02:02,010-HHH000026: Second-level cache disabled-
org.springframework.orm.jpa.persistenceunit.SpringPersistenceUnitInfo-[INFO]- 2024-06-24 11:02:02,013-No LoadTimeWeaver setup: ignoring JPA class transformer-
org.hibernate.engine.transaction.jta.platform.internal.JtaPlatformInitiator-[INFO]- 2024-06-24 11:02:02,037-HHH000489: No JTA platform available (set 'hibernate.transaction.jta.platform' to enable JTA platform integration)-
org.springframework.orm.jpa.LocalContainerEntityManagerFactoryBean-[INFO]- 2024-06-24 11:02:02,073-Initialized JPA EntityManagerFactory for persistence unit 'default'-
org.springframework.boot.autoconfigure.orm.jpa.JpaBaseConfiguration$JpaWebConfiguration-[WARN]- 2024-06-24 11:02:02,115-spring.jpa.open-in-view is enabled by default. Therefore, database queries may be performed during view rendering. Explicitly configure spring.jpa.open-in-view to disable this warning-
org.springframework.boot.devtools.autoconfigure.OptionalLiveReloadServer-[INFO]- 2024-06-24 11:02:02,270-LiveReload server is running on port 35729-
org.springframework.boot.web.embedded.tomcat.TomcatWebServer-[INFO]- 2024-06-24 11:02:02,276-Tomcat started on port 9191 (http) with context path '/'-
com.example.demo.DemoApplication-[INFO]- 2024-06-24 11:02:02,279-Started DemoApplication in 0.474 seconds (process running for 611.552)-
org.springframework.boot.devtools.autoconfigure.ConditionEvaluationDeltaLoggingListener-[INFO]- 2024-06-24 11:02:02,291-Condition evaluation unchanged-
org.springframework.boot.devtools.autoconfigure.LocalDevToolsAutoConfiguration$RestartingClassPathChangeChangedEventListener-[INFO]- 2024-06-24 11:02:36,004-Restarting due to 1 class path change (0 additions, 0 deletions, 1 modification)-
org.springframework.orm.jpa.LocalContainerEntityManagerFactoryBean-[INFO]- 2024-06-24 11:02:36,011-Closing JPA EntityManagerFactory for persistence unit 'default'-
com.zaxxer.hikari.HikariDataSource-[INFO]- 2024-06-24 11:02:36,012-HikariPool-3 - Shutdown initiated...-
com.zaxxer.hikari.HikariDataSource-[INFO]- 2024-06-24 11:02:36,015-HikariPool-3 - Shutdown completed.-
com.example.demo.DemoApplication-[INFO]- 2024-06-24 11:02:36,070-Starting DemoApplication using Java 17.0.10 with PID 2979 (/Users/ashujauhari/Data/Microservices-2023/Microservice-STS-Code-workspace/Spring_Assignment-main/Springboot-jpa-many-to-many-mapping/target/classes started by ashujauhari in /Users/ashujauhari/Data/Microservices-2023/Microservice-STS-Code-workspace/Spring_Assignment-main/Springboot-jpa-many-to-many-mapping)-
com.example.demo.DemoApplication-[INFO]- 2024-06-24 11:02:36,070-No active profile set, falling back to 1 default profile: "default"-
org.springframework.data.repository.config.RepositoryConfigurationDelegate-[INFO]- 2024-06-24 11:02:36,139-Bootstrapping Spring Data JPA repositories in DEFAULT mode.-
org.springframework.data.repository.config.RepositoryConfigurationDelegate-[INFO]- 2024-06-24 11:02:36,143-Finished Spring Data repository scanning in 3 ms. Found 2 JPA repository interfaces.-
org.springframework.boot.web.embedded.tomcat.TomcatWebServer-[INFO]- 2024-06-24 11:02:36,184-Tomcat initialized with port 9191 (http)-
org.apache.catalina.core.StandardService-[INFO]- 2024-06-24 11:02:36,184-Starting service [Tomcat]-
org.apache.catalina.core.StandardEngine-[INFO]- 2024-06-24 11:02:36,184-Starting Servlet engine: [Apache Tomcat/10.1.24]-
org.apache.catalina.core.ContainerBase.[Tomcat].[localhost].[/]-[INFO]- 2024-06-24 11:02:36,189-Initializing Spring embedded WebApplicationContext-
org.springframework.boot.web.servlet.context.ServletWebServerApplicationContext-[INFO]- 2024-06-24 11:02:36,189-Root WebApplicationContext: initialization completed in 118 ms-
com.zaxxer.hikari.HikariDataSource-[INFO]- 2024-06-24 11:02:36,194-HikariPool-4 - Starting...-
com.zaxxer.hikari.pool.HikariPool-[INFO]- 2024-06-24 11:02:36,206-HikariPool-4 - Added connection com.mysql.cj.jdbc.ConnectionImpl@6ce135fb-
com.zaxxer.hikari.HikariDataSource-[INFO]- 2024-06-24 11:02:36,207-HikariPool-4 - Start completed.-
org.springframework.boot.autoconfigure.h2.H2ConsoleAutoConfiguration-[INFO]- 2024-06-24 11:02:36,207-H2 console available at '/h2-console'. Database available at 'jdbc:mysql://localhost:3306/test'-
org.hibernate.jpa.internal.util.LogHelper-[INFO]- 2024-06-24 11:02:36,220-HHH000204: Processing PersistenceUnitInfo [name: default]-
org.hibernate.cache.internal.RegionFactoryInitiator-[INFO]- 2024-06-24 11:02:36,221-HHH000026: Second-level cache disabled-
org.springframework.orm.jpa.persistenceunit.SpringPersistenceUnitInfo-[INFO]- 2024-06-24 11:02:36,224-No LoadTimeWeaver setup: ignoring JPA class transformer-
org.hibernate.engine.transaction.jta.platform.internal.JtaPlatformInitiator-[INFO]- 2024-06-24 11:02:36,243-HHH000489: No JTA platform available (set 'hibernate.transaction.jta.platform' to enable JTA platform integration)-
org.springframework.orm.jpa.LocalContainerEntityManagerFactoryBean-[INFO]- 2024-06-24 11:02:36,279-Initialized JPA EntityManagerFactory for persistence unit 'default'-
org.springframework.boot.autoconfigure.orm.jpa.JpaBaseConfiguration$JpaWebConfiguration-[WARN]- 2024-06-24 11:02:36,312-spring.jpa.open-in-view is enabled by default. Therefore, database queries may be performed during view rendering. Explicitly configure spring.jpa.open-in-view to disable this warning-
org.springframework.boot.devtools.autoconfigure.OptionalLiveReloadServer-[INFO]- 2024-06-24 11:02:36,445-LiveReload server is running on port 35729-
org.springframework.boot.web.embedded.tomcat.TomcatWebServer-[INFO]- 2024-06-24 11:02:36,451-Tomcat started on port 9191 (http) with context path '/'-
com.example.demo.DemoApplication-[INFO]- 2024-06-24 11:02:36,453-Started DemoApplication in 0.396 seconds (process running for 645.727)-
org.springframework.boot.devtools.autoconfigure.ConditionEvaluationDeltaLoggingListener-[INFO]- 2024-06-24 11:02:36,466-Condition evaluation unchanged-
org.springframework.boot.devtools.autoconfigure.LocalDevToolsAutoConfiguration$RestartingClassPathChangeChangedEventListener-[INFO]- 2024-06-24 11:03:35,369-Restarting due to 1 class path change (0 additions, 0 deletions, 1 modification)-
org.springframework.orm.jpa.LocalContainerEntityManagerFactoryBean-[INFO]- 2024-06-24 11:03:35,377-Closing JPA EntityManagerFactory for persistence unit 'default'-
com.zaxxer.hikari.HikariDataSource-[INFO]- 2024-06-24 11:03:35,378-HikariPool-4 - Shutdown initiated...-
com.zaxxer.hikari.HikariDataSource-[INFO]- 2024-06-24 11:03:35,382-HikariPool-4 - Shutdown completed.-
com.example.demo.DemoApplication-[INFO]- 2024-06-24 11:03:35,436-Starting DemoApplication using Java 17.0.10 with PID 2979 (/Users/ashujauhari/Data/Microservices-2023/Microservice-STS-Code-workspace/Spring_Assignment-main/Springboot-jpa-many-to-many-mapping/target/classes started by ashujauhari in /Users/ashujauhari/Data/Microservices-2023/Microservice-STS-Code-workspace/Spring_Assignment-main/Springboot-jpa-many-to-many-mapping)-
com.example.demo.DemoApplication-[INFO]- 2024-06-24 11:03:35,436-No active profile set, falling back to 1 default profile: "default"-
org.springframework.data.repository.config.RepositoryConfigurationDelegate-[INFO]- 2024-06-24 11:03:35,506-Bootstrapping Spring Data JPA repositories in DEFAULT mode.-
org.springframework.data.repository.config.RepositoryConfigurationDelegate-[INFO]- 2024-06-24 11:03:35,510-Finished Spring Data repository scanning in 3 ms. Found 2 JPA repository interfaces.-
org.springframework.boot.web.embedded.tomcat.TomcatWebServer-[INFO]- 2024-06-24 11:03:35,552-Tomcat initialized with port 9191 (http)-
org.apache.catalina.core.StandardService-[INFO]- 2024-06-24 11:03:35,553-Starting service [Tomcat]-
org.apache.catalina.core.StandardEngine-[INFO]- 2024-06-24 11:03:35,553-Starting Servlet engine: [Apache Tomcat/10.1.24]-
org.apache.catalina.core.ContainerBase.[Tomcat].[localhost].[/]-[INFO]- 2024-06-24 11:03:35,558-Initializing Spring embedded WebApplicationContext-
org.springframework.boot.web.servlet.context.ServletWebServerApplicationContext-[INFO]- 2024-06-24 11:03:35,558-Root WebApplicationContext: initialization completed in 121 ms-
com.zaxxer.hikari.HikariDataSource-[INFO]- 2024-06-24 11:03:35,564-HikariPool-5 - Starting...-
com.zaxxer.hikari.pool.HikariPool-[INFO]- 2024-06-24 11:03:35,575-HikariPool-5 - Added connection com.mysql.cj.jdbc.ConnectionImpl@2b3a7702-
com.zaxxer.hikari.HikariDataSource-[INFO]- 2024-06-24 11:03:35,575-HikariPool-5 - Start completed.-
org.springframework.boot.autoconfigure.h2.H2ConsoleAutoConfiguration-[INFO]- 2024-06-24 11:03:35,576-H2 console available at '/h2-console'. Database available at 'jdbc:mysql://localhost:3306/test'-
org.hibernate.jpa.internal.util.LogHelper-[INFO]- 2024-06-24 11:03:35,588-HHH000204: Processing PersistenceUnitInfo [name: default]-
org.hibernate.cache.internal.RegionFactoryInitiator-[INFO]- 2024-06-24 11:03:35,589-HHH000026: Second-level cache disabled-
org.springframework.orm.jpa.persistenceunit.SpringPersistenceUnitInfo-[INFO]- 2024-06-24 11:03:35,592-No LoadTimeWeaver setup: ignoring JPA class transformer-
org.hibernate.engine.transaction.jta.platform.internal.JtaPlatformInitiator-[INFO]- 2024-06-24 11:03:35,613-HHH000489: No JTA platform available (set 'hibernate.transaction.jta.platform' to enable JTA platform integration)-
org.springframework.orm.jpa.LocalContainerEntityManagerFactoryBean-[INFO]- 2024-06-24 11:03:35,645-Initialized JPA EntityManagerFactory for persistence unit 'default'-
org.springframework.boot.autoconfigure.orm.jpa.JpaBaseConfiguration$JpaWebConfiguration-[WARN]- 2024-06-24 11:03:35,683-spring.jpa.open-in-view is enabled by default. Therefore, database queries may be performed during view rendering. Explicitly configure spring.jpa.open-in-view to disable this warning-
org.springframework.boot.devtools.autoconfigure.OptionalLiveReloadServer-[INFO]- 2024-06-24 11:03:35,810-LiveReload server is running on port 35729-
org.springframework.boot.web.embedded.tomcat.TomcatWebServer-[INFO]- 2024-06-24 11:03:35,815-Tomcat started on port 9191 (http) with context path '/'-
com.example.demo.DemoApplication-[INFO]- 2024-06-24 11:03:35,818-Started DemoApplication in 0.394 seconds (process running for 705.093)-
org.springframework.boot.devtools.autoconfigure.ConditionEvaluationDeltaLoggingListener-[INFO]- 2024-06-24 11:03:35,832-Condition evaluation unchanged-
org.springframework.boot.devtools.autoconfigure.LocalDevToolsAutoConfiguration$RestartingClassPathChangeChangedEventListener-[INFO]- 2024-06-24 11:03:55,382-Restarting due to 1 class path change (0 additions, 0 deletions, 1 modification)-
org.springframework.orm.jpa.LocalContainerEntityManagerFactoryBean-[INFO]- 2024-06-24 11:03:55,386-Closing JPA EntityManagerFactory for persistence unit 'default'-
com.zaxxer.hikari.HikariDataSource-[INFO]- 2024-06-24 11:03:55,386-HikariPool-5 - Shutdown initiated...-
com.zaxxer.hikari.HikariDataSource-[INFO]- 2024-06-24 11:03:55,390-HikariPool-5 - Shutdown completed.-
com.example.demo.DemoApplication-[INFO]- 2024-06-24 11:03:55,433-Starting DemoApplication using Java 17.0.10 with PID 2979 (/Users/ashujauhari/Data/Microservices-2023/Microservice-STS-Code-workspace/Spring_Assignment-main/Springboot-jpa-many-to-many-mapping/target/classes started by ashujauhari in /Users/ashujauhari/Data/Microservices-2023/Microservice-STS-Code-workspace/Spring_Assignment-main/Springboot-jpa-many-to-many-mapping)-
com.example.demo.DemoApplication-[INFO]- 2024-06-24 11:03:55,434-No active profile set, falling back to 1 default profile: "default"-
org.springframework.data.repository.config.RepositoryConfigurationDelegate-[INFO]- 2024-06-24 11:03:55,507-Bootstrapping Spring Data JPA repositories in DEFAULT mode.-
org.springframework.data.repository.config.RepositoryConfigurationDelegate-[INFO]- 2024-06-24 11:03:55,510-Finished Spring Data repository scanning in 2 ms. Found 2 JPA repository interfaces.-
org.springframework.boot.web.embedded.tomcat.TomcatWebServer-[INFO]- 2024-06-24 11:03:55,560-Tomcat initialized with port 9191 (http)-
org.apache.catalina.core.StandardService-[INFO]- 2024-06-24 11:03:55,560-Starting service [Tomcat]-
org.apache.catalina.core.StandardEngine-[INFO]- 2024-06-24 11:03:55,560-Starting Servlet engine: [Apache Tomcat/10.1.24]-
org.apache.catalina.core.ContainerBase.[Tomcat].[localhost].[/]-[INFO]- 2024-06-24 11:03:55,566-Initializing Spring embedded WebApplicationContext-
org.springframework.boot.web.servlet.context.ServletWebServerApplicationContext-[INFO]- 2024-06-24 11:03:55,566-Root WebApplicationContext: initialization completed in 132 ms-
com.zaxxer.hikari.HikariDataSource-[INFO]- 2024-06-24 11:03:55,573-HikariPool-6 - Starting...-
com.zaxxer.hikari.pool.HikariPool-[INFO]- 2024-06-24 11:03:55,583-HikariPool-6 - Added connection com.mysql.cj.jdbc.ConnectionImpl@4c7bb5a7-
com.zaxxer.hikari.HikariDataSource-[INFO]- 2024-06-24 11:03:55,583-HikariPool-6 - Start completed.-
org.springframework.boot.autoconfigure.h2.H2ConsoleAutoConfiguration-[INFO]- 2024-06-24 11:03:55,583-H2 console available at '/h2-console'. Database available at 'jdbc:mysql://localhost:3306/test'-
org.hibernate.jpa.internal.util.LogHelper-[INFO]- 2024-06-24 11:03:55,599-HHH000204: Processing PersistenceUnitInfo [name: default]-
org.hibernate.cache.internal.RegionFactoryInitiator-[INFO]- 2024-06-24 11:03:55,600-HHH000026: Second-level cache disabled-
org.springframework.orm.jpa.persistenceunit.SpringPersistenceUnitInfo-[INFO]- 2024-06-24 11:03:55,603-No LoadTimeWeaver setup: ignoring JPA class transformer-
org.hibernate.engine.transaction.jta.platform.internal.JtaPlatformInitiator-[INFO]- 2024-06-24 11:03:55,624-HHH000489: No JTA platform available (set 'hibernate.transaction.jta.platform' to enable JTA platform integration)-
org.springframework.orm.jpa.LocalContainerEntityManagerFactoryBean-[INFO]- 2024-06-24 11:03:55,652-Initialized JPA EntityManagerFactory for persistence unit 'default'-
org.springframework.boot.autoconfigure.orm.jpa.JpaBaseConfiguration$JpaWebConfiguration-[WARN]- 2024-06-24 11:03:55,691-spring.jpa.open-in-view is enabled by default. Therefore, database queries may be performed during view rendering. Explicitly configure spring.jpa.open-in-view to disable this warning-
org.springframework.boot.devtools.autoconfigure.OptionalLiveReloadServer-[INFO]- 2024-06-24 11:03:55,856-LiveReload server is running on port 35729-
org.springframework.boot.web.embedded.tomcat.TomcatWebServer-[INFO]- 2024-06-24 11:03:55,863-Tomcat started on port 9191 (http) with context path '/'-
com.example.demo.DemoApplication-[INFO]- 2024-06-24 11:03:55,866-Started DemoApplication in 0.444 seconds (process running for 725.141)-
org.springframework.boot.devtools.autoconfigure.ConditionEvaluationDeltaLoggingListener-[INFO]- 2024-06-24 11:03:55,878-Condition evaluation unchanged-
org.springframework.boot.devtools.autoconfigure.LocalDevToolsAutoConfiguration$RestartingClassPathChangeChangedEventListener-[INFO]- 2024-06-24 11:04:06,330-Restarting due to 1 class path change (0 additions, 0 deletions, 1 modification)-
org.springframework.orm.jpa.LocalContainerEntityManagerFactoryBean-[INFO]- 2024-06-24 11:04:06,333-Closing JPA EntityManagerFactory for persistence unit 'default'-
com.zaxxer.hikari.HikariDataSource-[INFO]- 2024-06-24 11:04:06,333-HikariPool-6 - Shutdown initiated...-
com.zaxxer.hikari.HikariDataSource-[INFO]- 2024-06-24 11:04:06,335-HikariPool-6 - Shutdown completed.-
com.example.demo.DemoApplication-[INFO]- 2024-06-24 11:04:06,389-Starting DemoApplication using Java 17.0.10 with PID 2979 (/Users/ashujauhari/Data/Microservices-2023/Microservice-STS-Code-workspace/Spring_Assignment-main/Springboot-jpa-many-to-many-mapping/target/classes started by ashujauhari in /Users/ashujauhari/Data/Microservices-2023/Microservice-STS-Code-workspace/Spring_Assignment-main/Springboot-jpa-many-to-many-mapping)-
com.example.demo.DemoApplication-[INFO]- 2024-06-24 11:04:06,389-No active profile set, falling back to 1 default profile: "default"-
org.springframework.data.repository.config.RepositoryConfigurationDelegate-[INFO]- 2024-06-24 11:04:06,460-Bootstrapping Spring Data JPA repositories in DEFAULT mode.-
org.springframework.data.repository.config.RepositoryConfigurationDelegate-[INFO]- 2024-06-24 11:04:06,464-Finished Spring Data repository scanning in 4 ms. Found 2 JPA repository interfaces.-
org.springframework.boot.web.embedded.tomcat.TomcatWebServer-[INFO]- 2024-06-24 11:04:06,513-Tomcat initialized with port 9191 (http)-
org.apache.catalina.core.StandardService-[INFO]- 2024-06-24 11:04:06,514-Starting service [Tomcat]-
org.apache.catalina.core.StandardEngine-[INFO]- 2024-06-24 11:04:06,514-Starting Servlet engine: [Apache Tomcat/10.1.24]-
org.apache.catalina.core.ContainerBase.[Tomcat].[localhost].[/]-[INFO]- 2024-06-24 11:04:06,519-Initializing Spring embedded WebApplicationContext-
org.springframework.boot.web.servlet.context.ServletWebServerApplicationContext-[INFO]- 2024-06-24 11:04:06,519-Root WebApplicationContext: initialization completed in 129 ms-
com.zaxxer.hikari.HikariDataSource-[INFO]- 2024-06-24 11:04:06,525-HikariPool-7 - Starting...-
com.zaxxer.hikari.pool.HikariPool-[INFO]- 2024-06-24 11:04:06,534-HikariPool-7 - Added connection com.mysql.cj.jdbc.ConnectionImpl@56839df6-
com.zaxxer.hikari.HikariDataSource-[INFO]- 2024-06-24 11:04:06,534-HikariPool-7 - Start completed.-
org.springframework.boot.autoconfigure.h2.H2ConsoleAutoConfiguration-[INFO]- 2024-06-24 11:04:06,534-H2 console available at '/h2-console'. Database available at 'jdbc:mysql://localhost:3306/test'-
org.hibernate.jpa.internal.util.LogHelper-[INFO]- 2024-06-24 11:04:06,547-HHH000204: Processing PersistenceUnitInfo [name: default]-
org.hibernate.cache.internal.RegionFactoryInitiator-[INFO]- 2024-06-24 11:04:06,548-HHH000026: Second-level cache disabled-
org.springframework.orm.jpa.persistenceunit.SpringPersistenceUnitInfo-[INFO]- 2024-06-24 11:04:06,551-No LoadTimeWeaver setup: ignoring JPA class transformer-
org.hibernate.engine.transaction.jta.platform.internal.JtaPlatformInitiator-[INFO]- 2024-06-24 11:04:06,569-HHH000489: No JTA platform available (set 'hibernate.transaction.jta.platform' to enable JTA platform integration)-
org.springframework.orm.jpa.LocalContainerEntityManagerFactoryBean-[INFO]- 2024-06-24 11:04:06,601-Initialized JPA EntityManagerFactory for persistence unit 'default'-
org.springframework.boot.autoconfigure.orm.jpa.JpaBaseConfiguration$JpaWebConfiguration-[WARN]- 2024-06-24 11:04:06,642-spring.jpa.open-in-view is enabled by default. Therefore, database queries may be performed during view rendering. Explicitly configure spring.jpa.open-in-view to disable this warning-
org.springframework.boot.devtools.autoconfigure.OptionalLiveReloadServer-[INFO]- 2024-06-24 11:04:06,779-LiveReload server is running on port 35729-
org.springframework.boot.web.embedded.tomcat.TomcatWebServer-[INFO]- 2024-06-24 11:04:06,785-Tomcat started on port 9191 (http) with context path '/'-
com.example.demo.DemoApplication-[INFO]- 2024-06-24 11:04:06,789-Started DemoApplication in 0.413 seconds (process running for 736.064)-
org.springframework.boot.devtools.autoconfigure.ConditionEvaluationDeltaLoggingListener-[INFO]- 2024-06-24 11:04:06,801-Condition evaluation unchanged-
org.springframework.boot.admin.SpringApplicationAdminMXBeanRegistrar$SpringApplicationAdmin-[INFO]- 2024-06-24 11:04:12,792-Application shutdown requested.-
org.springframework.orm.jpa.LocalContainerEntityManagerFactoryBean-[INFO]- 2024-06-24 11:04:12,794-Closing JPA EntityManagerFactory for persistence unit 'default'-
com.zaxxer.hikari.HikariDataSource-[INFO]- 2024-06-24 11:04:12,795-HikariPool-7 - Shutdown initiated...-
com.zaxxer.hikari.HikariDataSource-[INFO]- 2024-06-24 11:04:12,796-HikariPool-7 - Shutdown completed.-
